<?xml version="1.0" encoding="UTF-8"?>
<testng-results skipped="0" failed="0" ignored="0" total="1" passed="1">
  <reporter-output>
  </reporter-output>
  <suite name="Default suite" duration-ms="3040" started-at="2022-06-23T04:31:40Z" finished-at="2022-06-23T04:31:43Z">
    <groups>
    </groups>
    <test name="Default test" duration-ms="3040" started-at="2022-06-23T04:31:40Z" finished-at="2022-06-23T04:31:43Z">
      <class name="com.task.PostRequest">
        <test-method status="PASS" signature="post()[pri:0, instance:com.task.PostRequest@6dbb137d]" name="post" duration-ms="2978" started-at="2022-06-23T04:31:40Z" finished-at="2022-06-23T04:31:43Z">
          <reporter-output>
          </reporter-output>
        </test-method> <!-- post -->
      </class> <!-- com.task.PostRequest -->
    </test> <!-- Default test -->
  </suite> <!-- Default suite -->
</testng-results>
